<?xml version="1.0" encoding="UTF-8"?>
<!-- Generated by org.testng.reporters.JUnitReportReporter -->
<testsuite hostname="ravi" name="AutomationTest.add_to_cart" tests="1" failures="0" timestamp="14 Apr 2022 10:48:12 GMT" time="9.880" errors="0">
  <testcase name="IDdemo" time="9.880" classname="AutomationTest.add_to_cart"/>
</testsuite> <!-- AutomationTest.add_to_cart -->
