<?xml version="1.0" encoding="UTF-8"?>
<!-- Generated by org.testng.reporters.JUnitReportReporter -->
<testsuite hostname="ravi" name="AutomationTest.login_fail" tests="1" failures="0" timestamp="14 Apr 2022 10:20:06 GMT" time="6.955" errors="0">
  <testcase name="IDdemo" time="6.955" classname="AutomationTest.login_fail"/>
</testsuite> <!-- AutomationTest.login_fail -->
