<?xml version="1.0" encoding="UTF-8"?>
<!-- Generated by org.testng.reporters.JUnitReportReporter -->
<testsuite hostname="ravi" name="AutomationTest.failregister" tests="1" failures="0" timestamp="14 Apr 2022 09:56:32 GMT" time="10.630" errors="0">
  <testcase name="IDdemo" time="10.630" classname="AutomationTest.failregister"/>
</testsuite> <!-- AutomationTest.failregister -->
