<?xml version="1.0" encoding="UTF-8"?>
<!-- Generated by org.testng.reporters.JUnitReportReporter -->
<testsuite hostname="ravi" name="AutomationTest.dropdown_detail_check" tests="1" failures="0" timestamp="14 Apr 2022 11:33:37 GMT" time="23.424" errors="0">
  <testcase name="IDdemo" time="23.424" classname="AutomationTest.dropdown_detail_check"/>
</testsuite> <!-- AutomationTest.dropdown_detail_check -->
