<?xml version="1.0" encoding="UTF-8"?>
<!-- Generated by org.testng.reporters.JUnitReportReporter -->
<testsuite hostname="ravi" name="AutomationTest.click_shoping_cart" tests="1" failures="0" timestamp="14 Apr 2022 10:51:29 GMT" time="8.090" errors="0">
  <testcase name="IDdemo" time="8.090" classname="AutomationTest.click_shoping_cart"/>
</testsuite> <!-- AutomationTest.click_shoping_cart -->
