<?xml version="1.0" encoding="UTF-8"?>
<!-- Generated by org.testng.reporters.JUnitReportReporter -->
<testsuite hostname="ravi" name="AutomationTest.desplayaccount" tests="1" failures="0" timestamp="14 Apr 2022 10:26:54 GMT" time="15.190" errors="0">
  <testcase name="IDdemo" time="15.190" classname="AutomationTest.desplayaccount"/>
</testsuite> <!-- AutomationTest.desplayaccount -->
