<?xml version="1.0" encoding="UTF-8"?>
<!-- Generated by org.testng.reporters.JUnitReportReporter -->
<testsuite hostname="ravi" name="AutomationTest.page_launch" tests="1" failures="0" timestamp="14 Apr 2022 09:35:28 GMT" time="10.170" errors="0">
  <testcase name="IDdemo" time="10.170" classname="AutomationTest.page_launch"/>
</testsuite> <!-- AutomationTest.page_launch -->
