<?xml version="1.0" encoding="UTF-8"?>
<!-- Generated by org.testng.reporters.JUnitReportReporter -->
<testsuite hostname="ravi" name="AutomationTest.electronic_click" tests="1" failures="0" timestamp="14 Apr 2022 10:32:03 GMT" time="8.281" errors="0">
  <testcase name="IDdemo" time="8.281" classname="AutomationTest.electronic_click"/>
</testsuite> <!-- AutomationTest.electronic_click -->
