<?xml version="1.0" encoding="UTF-8"?>
<!-- Generated by org.testng.reporters.JUnitReportReporter -->
<testsuite hostname="ravi" name="AutomationTest.registration" tests="1" failures="0" timestamp="14 Apr 2022 09:50:58 GMT" time="7.669" errors="0">
  <testcase name="IDdemo" time="7.669" classname="AutomationTest.registration"/>
</testsuite> <!-- AutomationTest.registration -->
