<?xml version="1.0" encoding="UTF-8"?>
<!-- Generated by org.testng.reporters.JUnitReportReporter -->
<testsuite hostname="ravi" name="AutomationTest.login" tests="1" failures="0" timestamp="14 Apr 2022 10:22:22 GMT" time="6.991" errors="0">
  <testcase name="IDdemo" time="6.991" classname="AutomationTest.login"/>
</testsuite> <!-- AutomationTest.login -->
