<?xml version="1.0" encoding="UTF-8"?>
<!-- Generated by org.testng.reporters.JUnitReportReporter -->
<testsuite hostname="ravi" name="AutomationTest.Camara_electronic_link" tests="1" failures="0" timestamp="14 Apr 2022 10:45:22 GMT" time="22.866" errors="0">
  <testcase name="IDdemo" time="22.866" classname="AutomationTest.Camara_electronic_link"/>
</testsuite> <!-- AutomationTest.Camara_electronic_link -->
